<?xml version="1.0" encoding="UTF-8"?>
<!-- Generated by org.testng.reporters.JUnitReportReporter -->
<testsuite skipped="0" hostname="Bogdan-PC" name="com.epam.lab.GetMailsByEmailTest" tests="1" failures="0" timestamp="10 бер. 2019 19:58:39 GMT" time="0.203" errors="0">
  <testcase name="getMailsByEmailTest" time="0.203" classname="com.epam.lab.GetMailsByEmailTest"/>
</testsuite> <!-- com.epam.lab.GetMailsByEmailTest -->
