<?xml version="1.0" encoding="UTF-8"?>
<!-- Generated by org.testng.reporters.JUnitReportReporter -->
<testsuite skipped="0" hostname="Bogdan-PC" name="com.epam.lab.DeleteMailTest" tests="1" failures="0" timestamp="10 бер. 2019 19:58:39 GMT" time="0.156" errors="0">
  <testcase name="deleteMailTest" time="0.156" classname="com.epam.lab.DeleteMailTest"/>
</testsuite> <!-- com.epam.lab.DeleteMailTest -->
