<?xml version="1.0" encoding="UTF-8"?>
<!-- Generated by org.testng.reporters.JUnitReportReporter -->
<testsuite skipped="0" hostname="Bogdan-PC" name="com.epam.lab.GetAllMailsTest" tests="1" failures="0" timestamp="10 бер. 2019 19:58:39 GMT" time="0.281" errors="0">
  <testcase name="getAllMailsTest" time="0.281" classname="com.epam.lab.GetAllMailsTest"/>
</testsuite> <!-- com.epam.lab.GetAllMailsTest -->
