<?xml version="1.0" encoding="UTF-8"?>
<!-- Generated by org.testng.reporters.JUnitReportReporter -->
<testsuite skipped="0" hostname="Bogdan-PC" name="com.epam.lab.SendMailTest" tests="1" failures="0" timestamp="10 бер. 2019 19:58:39 GMT" time="1.374" errors="0">
  <testcase name="sendMailRest" time="1.374" classname="com.epam.lab.SendMailTest"/>
</testsuite> <!-- com.epam.lab.SendMailTest -->
